Build started 18/04/2012 12:16:32.
     1>Project "C:\Users\Guilherme\Desktop\Html\pratica4_arquivos\VisualStudio\FPS\FPS\FPS.vcxproj" on node 2 (build target(s)).
     1>InitializeBuildStatus:
         Creating "Debug\FPS.unsuccessfulbuild" because "AlwaysCreate" was specified.
       ClCompile:
         C:\Program Files (x86)\Microsoft Visual Studio 10.0\VC\bin\CL.exe /c /I../../include /ZI /nologo /W3 /WX- /Od /Oy- /D _MBCS /Gm /EHsc /RTC1 /MDd /GS /fp:precise /Zc:wchar_t /Zc:forScope /Fo"Debug\\" /Fd"Debug\vc100.pdb" /Gd /TC /analyze- /errorReport:prompt ..\..\..\src\bitmap.c
         bitmap.c
     1>c:\users\guilherme\desktop\html\pratica4_arquivos\src\bitmap.c(32): warning C4996: 'fopen': This function or variable may be unsafe. Consider using fopen_s instead. To disable deprecation, use _CRT_SECURE_NO_WARNINGS. See online help for details.
                 c:\program files (x86)\microsoft visual studio 10.0\vc\include\stdio.h(234) : see declaration of 'fopen'
     1>c:\users\guilherme\desktop\html\pratica4_arquivos\src\bitmap.c(58): warning C4018: '<' : signed/unsigned mismatch
     1>c:\users\guilherme\desktop\html\pratica4_arquivos\src\bitmap.c(81): warning C4018: '<' : signed/unsigned mismatch
     1>c:\users\guilherme\desktop\html\pratica4_arquivos\src\bitmap.c(115): warning C4996: 'fopen': This function or variable may be unsafe. Consider using fopen_s instead. To disable deprecation, use _CRT_SECURE_NO_WARNINGS. See online help for details.
                 c:\program files (x86)\microsoft visual studio 10.0\vc\include\stdio.h(234) : see declaration of 'fopen'
     1>c:\users\guilherme\desktop\html\pratica4_arquivos\src\bitmap.c(163): warning C4018: '<' : signed/unsigned mismatch
     1>c:\users\guilherme\desktop\html\pratica4_arquivos\src\bitmap.c(170): warning C4018: '<' : signed/unsigned mismatch
         C:\Program Files (x86)\Microsoft Visual Studio 10.0\VC\bin\CL.exe /c /I../../include /ZI /nologo /W3 /WX- /Od /Oy- /D _MBCS /Gm /EHsc /RTC1 /MDd /GS /fp:precise /Zc:wchar_t /Zc:forScope /Fo"Debug\\" /Fd"Debug\vc100.pdb" /Gd /TP /analyze- /errorReport:prompt ..\..\..\src\main.cpp
         main.cpp
     1>c:\users\guilherme\desktop\html\pratica4_arquivos\src\main.cpp(210): warning C4996: 'alutLoadWAVFile': was declared deprecated
                 c:\users\guilherme\desktop\html\pratica4_arquivos\visualstudio\include\al\alut.h(113) : see declaration of 'alutLoadWAVFile'
     1>c:\users\guilherme\desktop\html\pratica4_arquivos\src\main.cpp(370): warning C4244: '=' : conversion from 'double' to 'float', possible loss of data
     1>c:\users\guilherme\desktop\html\pratica4_arquivos\src\main.cpp(371): warning C4244: '=' : conversion from 'double' to 'float', possible loss of data
       Link:
         C:\Program Files (x86)\Microsoft Visual Studio 10.0\VC\bin\link.exe /ERRORREPORT:PROMPT /OUT:"C:\Users\Guilherme\Desktop\Html\pratica4_arquivos\VisualStudio\FPS\Debug\FPS.exe" /NOLOGO /LIBPATH:../../lib kernel32.lib user32.lib gdi32.lib winspool.lib comdlg32.lib advapi32.lib shell32.lib ole32.lib oleaut32.lib uuid.lib odbc32.lib odbccp32.lib /MANIFEST /ManifestFile:"Debug\FPS.exe.intermediate.manifest" /MANIFESTUAC:"level='asInvoker' uiAccess='false'" /DEBUG /PDB:"C:\Users\Guilherme\Desktop\Html\pratica4_arquivos\VisualStudio\FPS\Debug\FPS.pdb" /TLBID:1 /DYNAMICBASE /NXCOMPAT /IMPLIB:"C:\Users\Guilherme\Desktop\Html\pratica4_arquivos\VisualStudio\FPS\Debug\FPS.lib" /MACHINE:X86 Debug\bitmap.obj
         Debug\main.obj
         FPS.vcxproj -> C:\Users\Guilherme\Desktop\Html\pratica4_arquivos\VisualStudio\FPS\Debug\FPS.exe
       Manifest:
         C:\Program Files (x86)\Microsoft SDKs\Windows\v7.0A\bin\mt.exe /nologo /verbose /outputresource:"C:\Users\Guilherme\Desktop\Html\pratica4_arquivos\VisualStudio\FPS\Debug\FPS.exe;#1" /manifest Debug\FPS.exe.intermediate.manifest
       FinalizeBuildStatus:
         Deleting file "Debug\FPS.unsuccessfulbuild".
         Touching "Debug\FPS.lastbuildstate".
     1>Done Building Project "C:\Users\Guilherme\Desktop\Html\pratica4_arquivos\VisualStudio\FPS\FPS\FPS.vcxproj" (build target(s)).

Build succeeded.

Time Elapsed 00:00:01.61
